Build started 6/19/2010 11:12:39 AM.
     1>Project "D:\AsmBook6\examples_download_vs2010\Lib32\Project_sample\Project.vcxproj" on node 2 (build target(s)).
     1>InitializeBuildStatus:
         Touching "Debug\Project.unsuccessfulbuild".
       _MASM:
         Assembling [Inputs]...
         cmd.exe /C "C:\Users\Kip\AppData\Local\Temp\94eac680f961442a972ed89f0a81725c.cmd"
         ml.exe /c /nologo /Zi /Fo"Debug\Moves.obj" /I "c:\Irvine" /W3 /errorReport:prompt  /Ta..\..\..\examples\ch04\Moves.asm
       Link:
         C:\Program Files\Microsoft Visual Studio 10.0\VC\bin\link.exe /ERRORREPORT:PROMPT /OUT:"D:\AsmBook6\examples_download_vs2010\Lib32\Project_sample\Debug\Project.exe" /NOLOGO /LIBPATH:c:\Irvine user32.lib irvine32.lib kernel32.lib user32.lib gdi32.lib winspool.lib comdlg32.lib advapi32.lib shell32.lib ole32.lib oleaut32.lib uuid.lib odbc32.lib odbccp32.lib /MANIFEST /ManifestFile:"Debug\Project.exe.intermediate.manifest" /MANIFESTUAC:"level='asInvoker' uiAccess='false'" /DEBUG /PDB:"D:\AsmBook6\examples_download_vs2010\Lib32\Project_sample\Debug\Project.pdb" /SUBSYSTEM:CONSOLE /TLBID:1 /DYNAMICBASE:NO /IMPLIB:"D:\AsmBook6\examples_download_vs2010\Lib32\Project_sample\Debug\Project.lib" /MACHINE:X86 Debug\Moves.obj
     1>Moves.obj : error LNK2019: unresolved external symbol _ExitProcess@4 referenced in function _main@0
     1>D:\AsmBook6\examples_download_vs2010\Lib32\Project_sample\Debug\Project.exe : fatal error LNK1120: 1 unresolved externals
     1>Done Building Project "D:\AsmBook6\examples_download_vs2010\Lib32\Project_sample\Project.vcxproj" (build target(s)) -- FAILED.

Build FAILED.

Time Elapsed 00:00:00.32
